
Gurobi 9.1.0 (linux64) logging started Thu Jan 14 17:42:10 2021

Changed value of parameter LogFile to log air4 ConsBinCont FSC sb QTb reactive SingleSat partial simpleL i-d1s3.log
   Prev:   Default: 
Changed value of parameter Threads to 1
   Prev: 0  Min: 0  Max: 1024  Default: 0
Changed value of parameter lazyConstraints to 1
   Prev: 0  Min: 0  Max: 1  Default: 0
Changed value of parameter MIPGap to 0.01
   Prev: 0.0001  Min: 0.0  Max: inf  Default: 0.0001
Changed value of parameter TimeLimit to 180.0
   Prev: inf  Min: 0.0  Max: inf  Default: inf
Changed value of parameter NodefileStart to 0.5
   Prev: inf  Min: 0.0  Max: inf  Default: inf
Gurobi Optimizer version 9.1.0 build v9.1.0rc0 (linux64)
Thread count: 4 physical cores, 8 logical processors, using up to 1 threads
Optimize a model with 5144 rows, 4663 columns and 20760 nonzeros
Model fingerprint: 0x0a6ce494
Variable types: 4396 continuous, 267 integer (0 binary)
Coefficient statistics:
  Matrix range     [3e-03, 6e+04]
  Objective range  [1e+00, 2e+04]
  Bounds range     [1e+00, 1e+00]
  RHS range        [1e+00, 2e+06]
Presolve removed 3764 rows and 3546 columns
Presolve time: 0.02s
Presolved: 1380 rows, 1117 columns, 5683 nonzeros
Variable types: 829 continuous, 288 integer (131 binary)

Root relaxation: objective 5.333273e+05, 2196 iterations, 0.08 seconds

    Nodes    |    Current Node    |     Objective Bounds      |     Work
 Expl Unexpl |  Obj  Depth IntInf | Incumbent    BestBd   Gap | It/Node Time

     0     0 533327.342    0  119          - 533327.342      -     -    0s
H    0     0                    213415.64929 533327.342   150%     -    0s
     0     0 530799.817    0   58 213415.649 530799.817   149%     -    0s
H    0     0                    232246.23800 530799.817   129%     -    0s
     0     0 530746.512    0   56 232246.238 530746.512   129%     -    0s
     0     0 529851.312    0  131 232246.238 529851.312   128%     -    0s
H    0     0                    509649.04135 529851.312  3.96%     -    1s
     0     0 529752.530    0  131 509649.041 529752.530  3.94%     -    1s
     0     0 529743.821    0  131 509649.041 529743.821  3.94%     -    1s
     0     0 529623.618    0  127 509649.041 529623.618  3.92%     -    1s
     0     0 529613.653    0  129 509649.041 529613.653  3.92%     -    1s
     0     0 529613.653    0  129 509649.041 529613.653  3.92%     -    1s
     0     0 529613.201    0  129 509649.041 529613.201  3.92%     -    1s
     0     0 529606.724    0  129 509649.041 529606.724  3.92%     -    1s
     0     0 529606.724    0  129 509649.041 529606.724  3.92%     -    1s
     0     0 529606.724    0  129 509649.041 529606.724  3.92%     -    1s
     0     0 529606.639    0  129 509649.041 529606.639  3.92%     -    1s
     0     0 529606.639    0  129 509649.041 529606.639  3.92%     -    1s
     0     2 529606.363    0  129 509649.041 529606.363  3.92%     -    1s
   193    96 513240.671   14   11 509649.041 524386.404  2.89%  20.0    7s
   299   142 521443.148   25    9 509649.041 522354.514  2.49%  16.0   10s
   602   272 521573.669   13   10 509649.041 521574.327  2.34%  11.9   15s
   744   339 521573.678   15   10 509649.041 521573.873  2.34%  10.8   20s
H  916   409                    509649.05314 521510.998  2.33%  10.1   23s
   988   428 515089.898   22   17 509649.053 521510.511  2.33%   9.9   25s
  1402   476 514790.163   35   14 509649.053 521510.308  2.33%  10.6   30s
  1559   468 515036.485   30   13 509649.053 521510.308  2.33%  10.2   35s
  1867   389 514952.583   35    8 509649.053 521489.573  2.32%   9.3   40s
  2211   372 515015.223   34   34 509649.053 521417.226  2.31%   8.6   45s
  2621   354 521150.327   32   40 509649.053 521312.080  2.29%   8.0   50s
  3001   354     cutoff   40      509649.053 521165.681  2.26%   7.7   55s
  3525   306 515251.770   26   36 509649.053 516731.382  1.39%   7.6   60s
  4055   273 514614.026   34   25 509649.053 514906.597  1.03%   7.5   65s
  4465   197 514481.694   37    9 509649.053 514775.857  1.01%   7.2   70s

Cutting planes:
  Lazy constraints: 135

Explored 4557 nodes (35477 simplex iterations) in 71.69 seconds
Thread count was 1 (of 8 available processors)

Solution count 4: 509649 509649 232246 213416 

Optimal solution found (tolerance 1.00e-02)
Best objective 5.096490531382e+05, best bound 5.147450797902e+05, gap 0.9999%

User-callback calls 11516, time in user-callback 65.99 sec
